#
# There is insufficient memory for the Java Runtime Environment to continue.
# Native memory allocation (malloc) failed to allocate 242416 bytes for Chunk::new
# Possible reasons:
#   The system is out of physical RAM or swap space
#   In 32 bit mode, the process size limit was hit
# Possible solutions:
#   Reduce memory load on the system
#   Increase physical memory or swap space
#   Check if swap backing store is full
#   Use 64 bit Java on a 64 bit OS
#   Decrease Java heap size (-Xmx/-Xms)
#   Decrease number of Java threads
#   Decrease Java thread stack sizes (-Xss)
#   Set larger code cache with -XX:ReservedCodeCacheSize=
# This output file may be truncated or incomplete.
#
#  Out of Memory Error (allocation.cpp:390), pid=11980, tid=0x000000000000189c
#
# JRE version: OpenJDK Runtime Environment (8.0_152-b01) (build 1.8.0_152-release-1248-b01)
# Java VM: OpenJDK 64-Bit Server VM (25.152-b01 mixed mode windows-amd64 compressed oops)
# Failed to write core dump. Minidumps are not enabled by default on client versions of Windows
#

---------------  T H R E A D  ---------------

Current thread (0x0000000018f5c800):  JavaThread "C2 CompilerThread0" daemon [_thread_in_native, id=6300, stack(0x0000000019720000,0x0000000019820000)]

Stack: [0x0000000019720000,0x0000000019820000]
[error occurred during error reporting (printing stack bounds), id 0xc0000005]

Native frames: (J=compiled Java code, j=interpreted, Vv=VM code, C=native code)


Current CompileTask:
C2:7363144 24944       4       com.android.tools.r8.dex.DexParser::parseAnnotationSet (76 bytes)


---------------  P R O C E S S  ---------------

Java Threads: ( => current thread )
  0x0000000020efb800 JavaThread "ForkJoinPool-18-worker-14" daemon [_thread_blocked, id=12788, stack(0x00000000487e0000,0x00000000488e0000)]
  0x000000001dd3c800 JavaThread "ForkJoinPool-18-worker-12" daemon [_thread_blocked, id=20080, stack(0x00000000486e0000,0x00000000487e0000)]
  0x000000001dd3c000 JavaThread "ForkJoinPool-18-worker-10" daemon [_thread_blocked, id=6420, stack(0x00000000485e0000,0x00000000486e0000)]
  0x000000001dd3b000 JavaThread "ForkJoinPool-18-worker-11" daemon [_thread_blocked, id=15384, stack(0x00000000484e0000,0x00000000485e0000)]
  0x000000001dd3f000 JavaThread "ForkJoinPool-18-worker-0" daemon [_thread_blocked, id=8188, stack(0x00000000483e0000,0x00000000484e0000)]
  0x000000001dd33800 JavaThread "ForkJoinPool-18-worker-7" daemon [_thread_blocked, id=16268, stack(0x00000000482e0000,0x00000000483e0000)]
  0x000000001dd3a800 JavaThread "ForkJoinPool-18-worker-6" daemon [_thread_blocked, id=3108, stack(0x00000000481e0000,0x00000000482e0000)]
  0x000000001dd39000 JavaThread "ForkJoinPool-18-worker-5" daemon [_thread_blocked, id=11076, stack(0x00000000480e0000,0x00000000481e0000)]
  0x000000001dd38000 JavaThread "ForkJoinPool-18-worker-4" daemon [_thread_blocked, id=13272, stack(0x0000000047fe0000,0x00000000480e0000)]
  0x000000001dd30800 JavaThread "ForkJoinPool-18-worker-3" daemon [_thread_blocked, id=5760, stack(0x0000000047ee0000,0x0000000047fe0000)]
  0x000000001dd37800 JavaThread "ForkJoinPool-18-worker-2" daemon [_thread_blocked, id=18552, stack(0x0000000047de0000,0x0000000047ee0000)]
  0x000000001dd31800 JavaThread "ForkJoinPool-18-worker-1" daemon [_thread_blocked, id=19880, stack(0x0000000047ce0000,0x0000000047de0000)]
  0x000000001a10e800 JavaThread "ForkJoinPool.commonPool-worker-2" daemon [_thread_blocked, id=1816, stack(0x00000000472e0000,0x00000000473e0000)]
  0x000000001a10d800 JavaThread "ForkJoinPool.commonPool-worker-1" daemon [_thread_blocked, id=18108, stack(0x00000000471e0000,0x00000000472e0000)]
  0x000000001a10a800 JavaThread "Cache worker for Java compile cache (C:\Users\Jordy\Desktop\LearnChinese\LoginApp\.gradle\4.10.1\javaCompile)" [_thread_blocked, id=4320, stack(0x0000000046fe0000,0x00000000470e0000)]
  0x000000001a103000 JavaThread "stdout" daemon [_thread_in_native, id=18424, stack(0x0000000046ee0000,0x0000000046fe0000)]
  0x000000001a109000 JavaThread "stderr" daemon [_thread_in_native, id=1644, stack(0x0000000046de0000,0x0000000046ee0000)]
  0x000000001a104800 JavaThread "stdout" daemon [_thread_in_native, id=19700, stack(0x0000000046ce0000,0x0000000046de0000)]
  0x000000001a108800 JavaThread "stderr" daemon [_thread_in_native, id=8804, stack(0x0000000046be0000,0x0000000046ce0000)]
  0x0000000020e3f000 JavaThread "stdout" daemon [_thread_in_native, id=4200, stack(0x0000000046ae0000,0x0000000046be0000)]
  0x0000000020e37800 JavaThread "stderr" daemon [_thread_in_native, id=9616, stack(0x00000000469e0000,0x0000000046ae0000)]
  0x0000000020e36800 JavaThread "stdout" daemon [_thread_in_native, id=7864, stack(0x00000000468e0000,0x00000000469e0000)]
  0x0000000020e39000 JavaThread "stderr" daemon [_thread_in_native, id=14852, stack(0x00000000467e0000,0x00000000468e0000)]
  0x0000000020e3d800 JavaThread "stdout" daemon [_thread_in_native, id=14260, stack(0x00000000466e0000,0x00000000467e0000)]
  0x0000000020e36000 JavaThread "stderr" daemon [_thread_in_native, id=4008, stack(0x00000000465e0000,0x00000000466e0000)]
  0x0000000020e3c800 JavaThread "stdout" daemon [_thread_in_native, id=2656, stack(0x00000000464e0000,0x00000000465e0000)]
  0x0000000020e3c000 JavaThread "stderr" daemon [_thread_in_native, id=18504, stack(0x00000000463e0000,0x00000000464e0000)]
  0x0000000020e3b000 JavaThread "stdout" daemon [_thread_in_native, id=13348, stack(0x00000000462e0000,0x00000000463e0000)]
  0x0000000020e3a800 JavaThread "stderr" daemon [_thread_in_native, id=2380, stack(0x00000000461e0000,0x00000000462e0000)]
  0x0000000020eff000 JavaThread "pool-56-thread-1" [_thread_blocked, id=8592, stack(0x00000000460e0000,0x00000000461e0000)]
  0x0000000020ef7800 JavaThread "ForkJoinPool.commonPool-worker-0" daemon [_thread_blocked, id=14312, stack(0x0000000045fe0000,0x00000000460e0000)]
  0x0000000020ef7000 JavaThread "ForkJoinPool.commonPool-worker-7" daemon [_thread_blocked, id=12300, stack(0x0000000045ee0000,0x0000000045fe0000)]
  0x0000000020efc000 JavaThread "ForkJoinPool.commonPool-worker-6" daemon [_thread_blocked, id=1732, stack(0x0000000045de0000,0x0000000045ee0000)]
  0x0000000020ef5800 JavaThread "ForkJoinPool.commonPool-worker-3" daemon [_thread_blocked, id=2360, stack(0x0000000045ae0000,0x0000000045be0000)]
  0x0000000020ef3000 JavaThread "Cache worker for Build Output Cleanup Cache (C:\Users\Jordy\Desktop\LearnChinese\LoginApp\.gradle\buildOutputCleanup)" [_thread_blocked, id=4712, stack(0x00000000458e0000,0x00000000459e0000)]
  0x0000000020ef6000 JavaThread "Cache worker for task history cache (C:\Users\Jordy\Desktop\LearnChinese\LoginApp\.gradle\4.10.1\taskHistory)" [_thread_blocked, id=256, stack(0x00000000457e0000,0x00000000458e0000)]
  0x0000000020ef0000 JavaThread "Task worker for ':' Thread 7" [_thread_blocked, id=12356, stack(0x00000000456e0000,0x00000000457e0000)]
  0x000000001f904000 JavaThread "Task worker for ':' Thread 6" [_thread_blocked, id=10588, stack(0x00000000455e0000,0x00000000456e0000)]
  0x000000001f907000 JavaThread "Task worker for ':' Thread 5" [_thread_blocked, id=8328, stack(0x00000000454e0000,0x00000000455e0000)]
  0x000000001f905800 JavaThread "Task worker for ':' Thread 4" [_thread_blocked, id=19908, stack(0x00000000453e0000,0x00000000454e0000)]
  0x000000001f902800 JavaThread "Task worker for ':' Thread 3" [_thread_blocked, id=12524, stack(0x00000000452e0000,0x00000000453e0000)]
  0x000000001f906000 JavaThread "Task worker for ':' Thread 2" [_thread_blocked, id=3668, stack(0x00000000451e0000,0x00000000452e0000)]
  0x000000001f904800 JavaThread "Task worker for ':'" [_thread_blocked, id=13664, stack(0x00000000450e0000,0x00000000451e0000)]
  0x000000001f900000 JavaThread "Cache worker for file content cache (C:\Users\Jordy\Desktop\LearnChinese\LoginApp\.gradle\4.10.1\fileContent)" [_thread_blocked, id=10832, stack(0x0000000044fe0000,0x00000000450e0000)]
  0x000000001f8f8800 JavaThread "pool-55-thread-1" [_thread_blocked, id=9076, stack(0x0000000044ee0000,0x0000000044fe0000)]
  0x000000001f8fe000 JavaThread "Build operations Thread 8" [_thread_blocked, id=12888, stack(0x0000000044de0000,0x0000000044ee0000)]
  0x000000001f8fd000 JavaThread "Build operations Thread 7" [_thread_blocked, id=11548, stack(0x0000000044ce0000,0x0000000044de0000)]
  0x000000001f8fe800 JavaThread "Build operations Thread 6" [_thread_blocked, id=11080, stack(0x0000000044be0000,0x0000000044ce0000)]
  0x000000001f8ff800 JavaThread "Build operations Thread 5" [_thread_blocked, id=18544, stack(0x0000000044ae0000,0x0000000044be0000)]
  0x000000001f8fb800 JavaThread "Build operations Thread 4" [_thread_blocked, id=16096, stack(0x00000000449e0000,0x0000000044ae0000)]
  0x000000001f8f9800 JavaThread "Build operations Thread 3" [_thread_blocked, id=17976, stack(0x00000000448e0000,0x00000000449e0000)]
  0x000000001f8fc800 JavaThread "Build operations Thread 2" [_thread_blocked, id=14120, stack(0x00000000447e0000,0x00000000448e0000)]
  0x000000001ee10800 JavaThread "Build operations" [_thread_blocked, id=16592, stack(0x00000000446e0000,0x00000000447e0000)]
  0x000000001ee09000 JavaThread "Cache worker for cache directory md-rule (C:\Users\Jordy\.gradle\caches\4.10.1\md-rule)" [_thread_blocked, id=3788, stack(0x00000000445e0000,0x00000000446e0000)]
  0x000000001ee0f800 JavaThread "Cache worker for cache directory md-supplier (C:\Users\Jordy\.gradle\caches\4.10.1\md-supplier)" [_thread_blocked, id=16912, stack(0x00000000444e0000,0x00000000445e0000)]
  0x000000001ee0f000 JavaThread "Cache worker for file hash cache (C:\Users\Jordy\Desktop\LearnChinese\LoginApp\.gradle\4.10.1\fileHashes)" [_thread_blocked, id=5684, stack(0x00000000443e0000,0x00000000444e0000)]
  0x000000001ee0c800 JavaThread "Stdin handler" [_thread_blocked, id=8320, stack(0x00000000442e0000,0x00000000443e0000)]
  0x000000001ee0e000 JavaThread "Asynchronous log dispatcher for DefaultDaemonConnection: socket connection from /127.0.0.1:50811 to /127.0.0.1:52735" [_thread_blocked, id=19188, stack(0x00000000441e0000,0x00000000442e0000)]
  0x000000001ee0c000 JavaThread "Daemon worker Thread 10" [_thread_blocked, id=6188, stack(0x00000000440e0000,0x00000000441e0000)]
  0x000000001ee05000 JavaThread "Cancel handler" [_thread_blocked, id=3012, stack(0x0000000043fe0000,0x00000000440e0000)]
  0x000000001ee07800 JavaThread "Handler for socket connection from /127.0.0.1:50811 to /127.0.0.1:52735" [_thread_in_native, id=18824, stack(0x0000000043ee0000,0x0000000043fe0000)]
  0x000000001ee08000 JavaThread "Daemon Thread 10" [_thread_blocked, id=10580, stack(0x0000000043de0000,0x0000000043ee0000)]
  0x000000001a106000 JavaThread "Cache worker for Java compile cache (C:\Users\Jordy\.gradle\caches\4.10.1\javaCompile)" [_thread_blocked, id=7760, stack(0x0000000027c80000,0x0000000027d80000)]
  0x0000000020e38000 JavaThread "Cache worker for file content cache (C:\Users\Jordy\.gradle\caches\4.10.1\fileContent)" [_thread_blocked, id=8380, stack(0x0000000025f80000,0x0000000026080000)]
  0x0000000020e34800 JavaThread "Memory manager" [_thread_blocked, id=17920, stack(0x0000000025c40000,0x0000000025d40000)]
  0x0000000020ef4800 JavaThread "Cache worker for Artifact transforms cache (C:\Users\Jordy\.gradle\caches\transforms-1)" [_thread_blocked, id=7448, stack(0x00000000229f0000,0x0000000022af0000)]
  0x0000000018fb5000 JavaThread "Cache worker for journal cache (C:\Users\Jordy\.gradle\caches\journal-1)" [_thread_blocked, id=13796, stack(0x0000000021430000,0x0000000021530000)]
  0x000000001d618000 JavaThread "File lock request listener" [_thread_in_native, id=3044, stack(0x000000001d940000,0x000000001da40000)]
  0x000000001d0af000 JavaThread "Cache worker for file hash cache (C:\Users\Jordy\.gradle\caches\4.10.1\fileHashes)" [_thread_blocked, id=18348, stack(0x000000001d840000,0x000000001d940000)]
  0x000000001adce800 JavaThread "Daemon periodic checks" [_thread_blocked, id=19432, stack(0x000000001bc70000,0x000000001bd70000)]
  0x000000001adcc800 JavaThread "Incoming local TCP Connector on port 50811" [_thread_in_native, id=14688, stack(0x000000001ba30000,0x000000001bb30000)]
  0x0000000018ff7800 JavaThread "Service Thread" daemon [_thread_blocked, id=14652, stack(0x0000000019b20000,0x0000000019c20000)]
  0x0000000018fb6000 JavaThread "C1 CompilerThread3" daemon [_thread_blocked, id=12168, stack(0x0000000019a20000,0x0000000019b20000)]
  0x0000000018fb0800 JavaThread "C2 CompilerThread2" daemon [_thread_in_native, id=13612, stack(0x0000000019920000,0x0000000019a20000)]
  0x0000000018faf000 JavaThread "C2 CompilerThread1" daemon [_thread_in_native, id=9520, stack(0x0000000019820000,0x0000000019920000)]
=>0x0000000018f5c800 JavaThread "C2 CompilerThread0" daemon [_thread_in_native, id=6300, stack(0x0000000019720000,0x0000000019820000)]
  0x0000000018f59000 JavaThread "Attach Listener" daemon [_thread_blocked, id=11788, stack(0x0000000019620000,0x0000000019720000)]
  0x0000000018f66000 JavaThread "Signal Dispatcher" daemon [_thread_blocked, id=3864, stack(0x0000000019520000,0x0000000019620000)]
  0x000000000327e000 JavaThread "Finalizer" daemon [_thread_blocked, id=5104, stack(0x0000000019330000,0x0000000019430000)]
  0x0000000003275000 JavaThread "Reference Handler" daemon [_thread_blocked, id=18636, stack(0x0000000018e30000,0x0000000018f30000)]
  0x000000000307e000 JavaThread "main" [_thread_blocked, id=1968, stack(0x0000000003080000,0x0000000003180000)]

Other Threads:
  0x0000000017036000 VMThread [stack: 0x0000000018d30000,0x0000000018e30000] [id=10816]
  0x0000000018ff8000 WatcherThread [stack: 0x0000000019c20000,0x0000000019d20000] [id=1060]

VM state:not at safepoint (normal execution)

VM Mutex/Monitor currently owned by a thread: None

Heap:
 PSYoungGen      total 352768K, used 140614K [0x00000000e0000000, 0x00000000fd180000, 0x0000000100000000)
  eden space 311808K, 31% used [0x00000000e0000000,0x00000000e61581f0,0x00000000f3080000)
  from space 40960K, 99% used [0x00000000f3080000,0x00000000f5879868,0x00000000f5880000)
  to   space 64512K, 0% used [0x00000000f9280000,0x00000000f9280000,0x00000000fd180000)
 ParOldGen       total 208384K, used 100783K [0x00000000a0000000, 0x00000000acb80000, 0x00000000e0000000)
  object space 208384K, 48% used [0x00000000a0000000,0x00000000a626be28,0x00000000acb80000)
 Metaspace       used 99226K, capacity 104120K, committed 104360K, reserved 1140736K
  class space    used 12413K, capacity 13393K, committed 13488K, reserved 1048576K

Card table byte_map: [0x0000000012640000,0x0000000012950000] byte_map_base: 0x0000000012140000

Marking Bits: (ParMarkBitMap*) 0x000000006f3a5aa0
 Begin Bits: [0x0000000013350000, 0x0000000014b50000)
 End Bits:   [0x0000000014b50000, 0x0000000016350000)

Polling page: 0x0000000000df0000

CodeCache: size=245760Kb used=69827Kb max_used=69847Kb free=175932Kb
 bounds [0x0000000003280000, 0x0000000007720000, 0x0000000012280000]
 total_blobs=20485 nmethods=19562 adapters=834
 compilation: enabled

Compilation events (10 events):
Event: 7362.115 Thread 0x0000000018fb6000 24942       2       java.util.SubList$1::next (25 bytes)
Event: 7362.116 Thread 0x0000000018fb6000 nmethod 24942 0x00000000076fead0 code [0x00000000076fec60, 0x00000000076feee8]
Event: 7362.202 Thread 0x0000000018f5c800 nmethod 24939 0x000000000770ba10 code [0x000000000770bbc0, 0x000000000770d398]
Event: 7362.202 Thread 0x0000000018f5c800 24943       4       com.android.tools.r8.graph.DexTypeList::slowCompareTo (90 bytes)
Event: 7362.221 Thread 0x0000000018f5c800 nmethod 24943 0x00000000076f94d0 code [0x00000000076f9640, 0x00000000076f9cf8]
Event: 7362.221 Thread 0x0000000018f5c800 24948       4       com.android.tools.r8.dex.DexParser::readFields (138 bytes)
Event: 7362.240 Thread 0x0000000018fb6000 24951       3       com.android.tools.r8.graph.DexValue$DexValueLong::create (26 bytes)
Event: 7362.241 Thread 0x0000000018fb6000 nmethod 24951 0x00000000076f8c50 code [0x00000000076f8de0, 0x00000000076f9210]
Event: 7362.414 Thread 0x0000000018f5c800 nmethod 24948 0x0000000007712390 code [0x00000000077125e0, 0x0000000007714b38]
Event: 7362.414 Thread 0x0000000018f5c800 24944       4       com.android.tools.r8.dex.DexParser::parseAnnotationSet (76 bytes)

GC Heap History (10 events):
Event: 7341.296 GC heap before
{Heap before GC invocations=33 (full 4):
 PSYoungGen      total 306688K, used 295224K [0x00000000e0000000, 0x00000000f4500000, 0x0000000100000000)
  eden space 287744K, 99% used [0x00000000e0000000,0x00000000f18faa90,0x00000000f1900000)
  from space 18944K, 39% used [0x00000000f3280000,0x00000000f39d37c0,0x00000000f4500000)
  to   space 22528K, 0% used [0x00000000f1900000,0x00000000f1900000,0x00000000f2f00000)
 ParOldGen       total 208384K, used 45174K [0x00000000a0000000, 0x00000000acb80000, 0x00000000e0000000)
  object space 208384K, 21% used [0x00000000a0000000,0x00000000a2c1daf0,0x00000000acb80000)
 Metaspace       used 98097K, capacity 102838K, committed 102952K, reserved 1138688K
  class space    used 12341K, capacity 13286K, committed 13360K, reserved 1048576K
Event: 7341.350 GC heap after
Heap after GC invocations=33 (full 4):
 PSYoungGen      total 310272K, used 22496K [0x00000000e0000000, 0x00000000f5a00000, 0x0000000100000000)
  eden space 287744K, 0% used [0x00000000e0000000,0x00000000e0000000,0x00000000f1900000)
  from space 22528K, 99% used [0x00000000f1900000,0x00000000f2ef8300,0x00000000f2f00000)
  to   space 28160K, 0% used [0x00000000f3e80000,0x00000000f3e80000,0x00000000f5a00000)
 ParOldGen       total 208384K, used 51265K [0x00000000a0000000, 0x00000000acb80000, 0x00000000e0000000)
  object space 208384K, 24% used [0x00000000a0000000,0x00000000a3210748,0x00000000acb80000)
 Metaspace       used 98097K, capacity 102838K, committed 102952K, reserved 1138688K
  class space    used 12341K, capacity 13286K, committed 13360K, reserved 1048576K
}
Event: 7350.960 GC heap before
{Heap before GC invocations=34 (full 4):
 PSYoungGen      total 310272K, used 309876K [0x00000000e0000000, 0x00000000f5a00000, 0x0000000100000000)
  eden space 287744K, 99% used [0x00000000e0000000,0x00000000f18a5050,0x00000000f1900000)
  from space 22528K, 99% used [0x00000000f1900000,0x00000000f2ef8300,0x00000000f2f00000)
  to   space 28160K, 0% used [0x00000000f3e80000,0x00000000f3e80000,0x00000000f5a00000)
 ParOldGen       total 208384K, used 51265K [0x00000000a0000000, 0x00000000acb80000, 0x00000000e0000000)
  object space 208384K, 24% used [0x00000000a0000000,0x00000000a3210748,0x00000000acb80000)
 Metaspace       used 98286K, capacity 103038K, committed 103208K, reserved 1138688K
  class space    used 12343K, capacity 13286K, committed 13360K, reserved 1048576K
Event: 7351.015 GC heap after
Heap after GC invocations=34 (full 4):
 PSYoungGen      total 321024K, used 28149K [0x00000000e0000000, 0x00000000f6700000, 0x0000000100000000)
  eden space 292864K, 0% used [0x00000000e0000000,0x00000000e0000000,0x00000000f1e00000)
  from space 28160K, 99% used [0x00000000f3e80000,0x00000000f59fd508,0x00000000f5a00000)
  to   space 33280K, 0% used [0x00000000f1e00000,0x00000000f1e00000,0x00000000f3e80000)
 ParOldGen       total 208384K, used 54476K [0x00000000a0000000, 0x00000000acb80000, 0x00000000e0000000)
  object space 208384K, 26% used [0x00000000a0000000,0x00000000a35333b8,0x00000000acb80000)
 Metaspace       used 98286K, capacity 103038K, committed 103208K, reserved 1138688K
  class space    used 12343K, capacity 13286K, committed 13360K, reserved 1048576K
}
Event: 7352.498 GC heap before
{Heap before GC invocations=35 (full 4):
 PSYoungGen      total 321024K, used 321013K [0x00000000e0000000, 0x00000000f6700000, 0x0000000100000000)
  eden space 292864K, 100% used [0x00000000e0000000,0x00000000f1e00000,0x00000000f1e00000)
  from space 28160K, 99% used [0x00000000f3e80000,0x00000000f59fd508,0x00000000f5a00000)
  to   space 33280K, 0% used [0x00000000f1e00000,0x00000000f1e00000,0x00000000f3e80000)
 ParOldGen       total 208384K, used 54476K [0x00000000a0000000, 0x00000000acb80000, 0x00000000e0000000)
  object space 208384K, 26% used [0x00000000a0000000,0x00000000a35333b8,0x00000000acb80000)
 Metaspace       used 98478K, capacity 103310K, committed 103464K, reserved 1138688K
  class space    used 12375K, capacity 13340K, committed 13360K, reserved 1048576K
Event: 7352.524 GC heap after
Heap after GC invocations=35 (full 4):
 PSYoungGen      total 326144K, used 26387K [0x00000000e0000000, 0x00000000f7b80000, 0x0000000100000000)
  eden space 292864K, 0% used [0x00000000e0000000,0x00000000e0000000,0x00000000f1e00000)
  from space 33280K, 79% used [0x00000000f1e00000,0x00000000f37c4d08,0x00000000f3e80000)
  to   space 35840K, 0% used [0x00000000f5880000,0x00000000f5880000,0x00000000f7b80000)
 ParOldGen       total 208384K, used 54484K [0x00000000a0000000, 0x00000000acb80000, 0x00000000e0000000)
  object space 208384K, 26% used [0x00000000a0000000,0x00000000a35353b8,0x00000000acb80000)
 Metaspace       used 98478K, capacity 103310K, committed 103464K, reserved 1138688K
  class space    used 12375K, capacity 13340K, committed 13360K, reserved 1048576K
}
Event: 7356.770 GC heap before
{Heap before GC invocations=36 (full 4):
 PSYoungGen      total 326144K, used 319024K [0x00000000e0000000, 0x00000000f7b80000, 0x0000000100000000)
  eden space 292864K, 99% used [0x00000000e0000000,0x00000000f1dc74d8,0x00000000f1e00000)
  from space 33280K, 79% used [0x00000000f1e00000,0x00000000f37c4d08,0x00000000f3e80000)
  to   space 35840K, 0% used [0x00000000f5880000,0x00000000f5880000,0x00000000f7b80000)
 ParOldGen       total 208384K, used 54484K [0x00000000a0000000, 0x00000000acb80000, 0x00000000e0000000)
  object space 208384K, 26% used [0x00000000a0000000,0x00000000a35353b8,0x00000000acb80000)
 Metaspace       used 98877K, capacity 103700K, committed 103720K, reserved 1140736K
  class space    used 12401K, capacity 13359K, committed 13360K, reserved 1048576K
Event: 7356.813 GC heap after
Heap after GC invocations=36 (full 4):
 PSYoungGen      total 347648K, used 35828K [0x00000000e0000000, 0x00000000f8780000, 0x0000000100000000)
  eden space 311808K, 0% used [0x00000000e0000000,0x00000000e0000000,0x00000000f3080000)
  from space 35840K, 99% used [0x00000000f5880000,0x00000000f7b7d180,0x00000000f7b80000)
  to   space 40960K, 0% used [0x00000000f3080000,0x00000000f3080000,0x00000000f5880000)
 ParOldGen       total 208384K, used 54852K [0x00000000a0000000, 0x00000000acb80000, 0x00000000e0000000)
  object space 208384K, 26% used [0x00000000a0000000,0x00000000a3591200,0x00000000acb80000)
 Metaspace       used 98877K, capacity 103700K, committed 103720K, reserved 1140736K
  class space    used 12401K, capacity 13359K, committed 13360K, reserved 1048576K
}
Event: 7361.165 GC heap before
{Heap before GC invocations=37 (full 4):
 PSYoungGen      total 347648K, used 347636K [0x00000000e0000000, 0x00000000f8780000, 0x0000000100000000)
  eden space 311808K, 100% used [0x00000000e0000000,0x00000000f3080000,0x00000000f3080000)
  from space 35840K, 99% used [0x00000000f5880000,0x00000000f7b7d180,0x00000000f7b80000)
  to   space 40960K, 0% used [0x00000000f3080000,0x00000000f3080000,0x00000000f5880000)
 ParOldGen       total 208384K, used 54852K [0x00000000a0000000, 0x00000000acb80000, 0x00000000e0000000)
  object space 208384K, 26% used [0x00000000a0000000,0x00000000a3591200,0x00000000acb80000)
 Metaspace       used 99184K, capacity 104120K, committed 104360K, reserved 1140736K
  class space    used 12413K, capacity 13393K, committed 13488K, reserved 1048576K
Event: 7361.333 GC heap after
Heap after GC invocations=37 (full 4):
 PSYoungGen      total 352768K, used 40934K [0x00000000e0000000, 0x00000000fd180000, 0x0000000100000000)
  eden space 311808K, 0% used [0x00000000e0000000,0x00000000e0000000,0x00000000f3080000)
  from space 40960K, 99% used [0x00000000f3080000,0x00000000f5879868,0x00000000f5880000)
  to   space 64512K, 0% used [0x00000000f9280000,0x00000000f9280000,0x00000000fd180000)
 ParOldGen       total 208384K, used 100783K [0x00000000a0000000, 0x00000000acb80000, 0x00000000e0000000)
  object space 208384K, 48% used [0x00000000a0000000,0x00000000a626be28,0x00000000acb80000)
 Metaspace       used 99184K, capacity 104120K, committed 104360K, reserved 1140736K
  class space    used 12413K, capacity 13393K, committed 13488K, reserved 1048576K
}

Deoptimization events (10 events):
Event: 7360.663 Thread 0x000000001dd3c000 Uncommon trap: reason=array_check action=maybe_recompile pc=0x000000000736efbc method=java.util.TimSort.mergeHi(IIII)V @ 282
Event: 7360.663 Thread 0x000000001dd3c000 Uncommon trap: reason=array_check action=maybe_recompile pc=0x00000000063bd29c method=java.util.TimSort.mergeLo(IIII)V @ 468
Event: 7360.663 Thread 0x000000001dd3c000 Uncommon trap: reason=array_check action=maybe_recompile pc=0x00000000063bd29c method=java.util.TimSort.mergeLo(IIII)V @ 468
Event: 7360.680 Thread 0x000000001dd3c000 Uncommon trap: reason=array_check action=maybe_recompile pc=0x00000000074b4bb4 method=java.util.TimSort.mergeHi(IIII)V @ 250
Event: 7360.781 Thread 0x000000001dd3c000 Uncommon trap: reason=unstable_if action=reinterpret pc=0x00000000046a5e20 method=com.android.tools.r8.dex.DexOutputBuffer.ensureSpaceFor(I)V @ 8
Event: 7360.983 Thread 0x000000001dd3c000 Uncommon trap: reason=unstable_if action=reinterpret pc=0x00000000041d27fc method=java.lang.Long.numberOfTrailingZeros(J)I @ 3
Event: 7361.385 Thread 0x000000001dd3c000 Uncommon trap: reason=unstable_if action=reinterpret pc=0x000000000466acb8 method=java.nio.Bits.copyFromArray(Ljava/lang/Object;JJJJ)V @ 18
Event: 7361.756 Thread 0x000000001dd3c800 Uncommon trap: reason=predicate action=maybe_recompile pc=0x0000000007655650 method=com.android.tools.r8.graph.DexClass.forEachMethod(Ljava/util/function/Consumer;)V @ 17
Event: 7361.769 Thread 0x000000001dd3c800 Uncommon trap: reason=unstable_if action=reinterpret pc=0x0000000005cda29c method=java.nio.Bits.copyToArray(JLjava/lang/Object;JJJ)V @ 19
Event: 7361.880 Thread 0x0000000020efb800 Uncommon trap: reason=unloaded action=reinterpret pc=0x00000000063c00dc method=com.android.tools.r8.code.BaseInstructionFactory.create(IILcom/android/tools/r8/code/BytecodeStream;Lcom/android/tools/r8/graph/OffsetToObjectMapping;)Lcom/android/tools/r8/cod

Classes redefined (0 events):
No events

Internal exceptions (10 events):
Event: 7361.571 Thread 0x000000001dd39000 Exception <a 'sun/nio/fs/WindowsException'> (0x00000000e0b3d250) thrown at [D:\src\AOSP-openjdk-cygwin\jdk8u\hotspot\src\share\vm\prims\jni.cpp, line 709]
Event: 7361.575 Thread 0x000000001dd37800 Exception <a 'sun/nio/fs/WindowsException'> (0x00000000e0c993c8) thrown at [D:\src\AOSP-openjdk-cygwin\jdk8u\hotspot\src\share\vm\prims\jni.cpp, line 709]
Event: 7361.580 Thread 0x000000001dd33800 Exception <a 'sun/nio/fs/WindowsException'> (0x00000000e0bb7368) thrown at [D:\src\AOSP-openjdk-cygwin\jdk8u\hotspot\src\share\vm\prims\jni.cpp, line 709]
Event: 7361.582 Thread 0x000000001dd38000 Exception <a 'sun/nio/fs/WindowsException'> (0x00000000e0afc698) thrown at [D:\src\AOSP-openjdk-cygwin\jdk8u\hotspot\src\share\vm\prims\jni.cpp, line 709]
Event: 7361.599 Thread 0x000000001dd3a800 Exception <a 'sun/nio/fs/WindowsException'> (0x00000000e0f915e8) thrown at [D:\src\AOSP-openjdk-cygwin\jdk8u\hotspot\src\share\vm\prims\jni.cpp, line 709]
Event: 7361.601 Thread 0x000000001dd3f000 Exception <a 'sun/nio/fs/WindowsException'> (0x00000000e0ff2ef0) thrown at [D:\src\AOSP-openjdk-cygwin\jdk8u\hotspot\src\share\vm\prims\jni.cpp, line 709]
Event: 7361.621 Thread 0x000000001dd30800 Exception <a 'sun/nio/fs/WindowsException'> (0x00000000e129f870) thrown at [D:\src\AOSP-openjdk-cygwin\jdk8u\hotspot\src\share\vm\prims\jni.cpp, line 709]
Event: 7361.670 Thread 0x000000001dd3b000 Exception <a 'sun/nio/fs/WindowsException'> (0x00000000e16a6c30) thrown at [D:\src\AOSP-openjdk-cygwin\jdk8u\hotspot\src\share\vm\prims\jni.cpp, line 709]
Event: 7361.750 Thread 0x000000001dd3c000 Exception <a 'sun/nio/fs/WindowsException'> (0x00000000e18020b0) thrown at [D:\src\AOSP-openjdk-cygwin\jdk8u\hotspot\src\share\vm\prims\jni.cpp, line 709]
Event: 7361.773 Thread 0x000000001dd3c800 Exception <a 'sun/nio/fs/WindowsException'> (0x00000000e1a5d3b8) thrown at [D:\src\AOSP-openjdk-cygwin\jdk8u\hotspot\src\share\vm\prims\jni.cpp, line 709]

Events (10 events):
Event: 7362.081 Thread 0x0000000020efb800 DEOPT PACKING pc=0x0000000004b8ad0a sp=0x00000000488dedc0
Event: 7362.081 Thread 0x0000000020efb800 DEOPT UNPACKING pc=0x00000000032c75d0 sp=0x00000000488debf8 mode 0
Event: 7362.351 Executing VM operation: RevokeBias
Event: 7362.352 Executing VM operation: RevokeBias done
Event: 7362.384 Executing VM operation: RevokeBias
Event: 7362.384 Executing VM operation: RevokeBias done
Event: 7362.385 Executing VM operation: RevokeBias
Event: 7362.386 Executing VM operation: RevokeBias done
Event: 7362.386 Executing VM operation: RevokeBias
Event: 7362.386 Executing VM operation: RevokeBias done


Dynamic libraries:
0x00007ff62ace0000 - 0x00007ff62ad11000 	C:\Program Files\Android\Android Studio\jre\bin\java.exe
0x00007ffdffd30000 - 0x00007ffdfff11000 	C:\WINDOWS\SYSTEM32\ntdll.dll
0x00007ffdfe7c0000 - 0x00007ffdfe871000 	C:\WINDOWS\System32\KERNEL32.DLL
0x00007ffdfc2b0000 - 0x00007ffdfc523000 	C:\WINDOWS\System32\KERNELBASE.dll
0x00007ffdfe660000 - 0x00007ffdfe701000 	C:\WINDOWS\System32\ADVAPI32.dll
0x00007ffdfefd0000 - 0x00007ffdff06e000 	C:\WINDOWS\System32\msvcrt.dll
0x00007ffdff300000 - 0x00007ffdff35b000 	C:\WINDOWS\System32\sechost.dll
0x00007ffdff3d0000 - 0x00007ffdff4f4000 	C:\WINDOWS\System32\RPCRT4.dll
0x00007ffdffa40000 - 0x00007ffdffbd0000 	C:\WINDOWS\System32\USER32.dll
0x00007ffdfc5b0000 - 0x00007ffdfc5d0000 	C:\WINDOWS\System32\win32u.dll
0x00007ffdfe630000 - 0x00007ffdfe658000 	C:\WINDOWS\System32\GDI32.dll
0x00007ffdfc7c0000 - 0x00007ffdfc952000 	C:\WINDOWS\System32\gdi32full.dll
0x00007ffdfc210000 - 0x00007ffdfc2af000 	C:\WINDOWS\System32\msvcp_win.dll
0x00007ffdfc960000 - 0x00007ffdfca58000 	C:\WINDOWS\System32\ucrtbase.dll
0x00007ffdeed30000 - 0x00007ffdeef99000 	C:\WINDOWS\WinSxS\amd64_microsoft.windows.common-controls_6595b64144ccf1df_6.0.17134.706_none_fb43a2cb30647007\COMCTL32.dll
0x00007ffdff710000 - 0x00007ffdffa32000 	C:\WINDOWS\System32\combase.dll
0x00007ffdfc530000 - 0x00007ffdfc5aa000 	C:\WINDOWS\System32\bcryptPrimitives.dll
0x00007ffdfeae0000 - 0x00007ffdfeb0d000 	C:\WINDOWS\System32\IMM32.DLL
0x000000006f450000 - 0x000000006f522000 	C:\Program Files\Android\Android Studio\jre\jre\bin\msvcr100.dll
0x000000006ebe0000 - 0x000000006f421000 	C:\Program Files\Android\Android Studio\jre\jre\bin\server\jvm.dll
0x00007ffdfd1e0000 - 0x00007ffdfd1e8000 	C:\WINDOWS\System32\PSAPI.DLL
0x00007ffdf20a0000 - 0x00007ffdf20c3000 	C:\WINDOWS\SYSTEM32\WINMM.dll
0x00007ffdf6330000 - 0x00007ffdf633a000 	C:\WINDOWS\SYSTEM32\VERSION.dll
0x00007ffdf2070000 - 0x00007ffdf209a000 	C:\WINDOWS\SYSTEM32\WINMMBASE.dll
0x00007ffdfac50000 - 0x00007ffdfac59000 	C:\WINDOWS\SYSTEM32\WSOCK32.dll
0x00007ffdfd170000 - 0x00007ffdfd1b9000 	C:\WINDOWS\System32\cfgmgr32.dll
0x00007ffdff360000 - 0x00007ffdff3cc000 	C:\WINDOWS\System32\WS2_32.dll
0x00007ffdf2dd0000 - 0x00007ffdf2ddf000 	C:\Program Files\Android\Android Studio\jre\jre\bin\verify.dll
0x00007ffdf2c60000 - 0x00007ffdf2c89000 	C:\Program Files\Android\Android Studio\jre\jre\bin\java.dll
0x00007ffdf2cd0000 - 0x00007ffdf2ce6000 	C:\Program Files\Android\Android Studio\jre\jre\bin\zip.dll
0x00007ffdfd1f0000 - 0x00007ffdfe630000 	C:\WINDOWS\System32\SHELL32.dll
0x00007ffdff660000 - 0x00007ffdff709000 	C:\WINDOWS\System32\shcore.dll
0x00007ffdfca60000 - 0x00007ffdfd16d000 	C:\WINDOWS\System32\windows.storage.dll
0x00007ffdfeb20000 - 0x00007ffdfeb71000 	C:\WINDOWS\System32\shlwapi.dll
0x00007ffdfc0b0000 - 0x00007ffdfc0c1000 	C:\WINDOWS\System32\kernel.appcore.dll
0x00007ffdfc040000 - 0x00007ffdfc05f000 	C:\WINDOWS\System32\profapi.dll
0x00007ffdfc060000 - 0x00007ffdfc0ac000 	C:\WINDOWS\System32\powrprof.dll
0x00007ffdfc0f0000 - 0x00007ffdfc0fa000 	C:\WINDOWS\System32\FLTLIB.DLL
0x00007ffded3c0000 - 0x00007ffded3da000 	C:\Program Files\Android\Android Studio\jre\jre\bin\net.dll
0x00007ffdfb8c0000 - 0x00007ffdfb926000 	C:\WINDOWS\system32\mswsock.dll
0x00007ffdd7fa0000 - 0x00007ffdd7fb1000 	C:\Program Files\Android\Android Studio\jre\jre\bin\nio.dll
0x00007ffdf15d0000 - 0x00007ffdf15ee000 	C:\Users\Jordy\.gradle\native\25\windows-amd64\native-platform.dll
0x00007ffdf2dc0000 - 0x00007ffdf2dcd000 	C:\Program Files\Android\Android Studio\jre\jre\bin\management.dll
0x00007ffdfba80000 - 0x00007ffdfba97000 	C:\WINDOWS\SYSTEM32\CRYPTSP.dll
0x00007ffdfb4a0000 - 0x00007ffdfb4d3000 	C:\WINDOWS\system32\rsaenh.dll
0x00007ffdfbba0000 - 0x00007ffdfbbc5000 	C:\WINDOWS\SYSTEM32\bcrypt.dll
0x00007ffdfbf70000 - 0x00007ffdfbf98000 	C:\WINDOWS\SYSTEM32\USERENV.dll
0x00007ffdfba70000 - 0x00007ffdfba7b000 	C:\WINDOWS\SYSTEM32\CRYPTBASE.dll
0x00007ffdfb640000 - 0x00007ffdfb678000 	C:\WINDOWS\SYSTEM32\IPHLPAPI.DLL
0x00007ffdfe710000 - 0x00007ffdfe718000 	C:\WINDOWS\System32\NSI.dll
0x00007ffdf33f0000 - 0x00007ffdf3406000 	C:\WINDOWS\SYSTEM32\dhcpcsvc6.DLL
0x00007ffdf39b0000 - 0x00007ffdf39ca000 	C:\WINDOWS\SYSTEM32\dhcpcsvc.DLL
0x00007ffdc2fd0000 - 0x00007ffdc2ff4000 	C:\Program Files\Android\Android Studio\jre\jre\bin\sunec.dll
0x00007ffdfb680000 - 0x00007ffdfb73e000 	C:\WINDOWS\SYSTEM32\DNSAPI.dll
0x0000000070ad0000 - 0x0000000070af6000 	C:\Program Files\Bonjour\mdnsNSP.dll
0x00007ffdf1070000 - 0x00007ffdf107a000 	C:\Windows\System32\rasadhlp.dll
0x00007ffdf1f60000 - 0x00007ffdf1fd2000 	C:\WINDOWS\System32\fwpuclnt.dll
0x00007ffdf7410000 - 0x00007ffdf741b000 	C:\Program Files\Android\Android Studio\jre\jre\bin\sunmscapi.dll
0x00007ffdfc5d0000 - 0x00007ffdfc7b2000 	C:\WINDOWS\System32\CRYPT32.dll
0x00007ffdfc0d0000 - 0x00007ffdfc0e2000 	C:\WINDOWS\System32\MSASN1.dll
0x00007ffdfb130000 - 0x00007ffdfb161000 	C:\WINDOWS\SYSTEM32\ntmarta.dll

VM Arguments:
jvm_args: -Xmx1536m -Dfile.encoding=windows-1252 -Duser.country=US -Duser.language=en -Duser.variant 
java_command: org.gradle.launcher.daemon.bootstrap.GradleDaemon 4.10.1
java_class_path (initial): C:\Users\Jordy\.gradle\wrapper\dists\gradle-4.10.1-all\455itskqi2qtf0v2sja68alqd\gradle-4.10.1\lib\gradle-launcher-4.10.1.jar
Launcher Type: SUN_STANDARD

Environment Variables:
PATH=C:\Program Files\Haskell\bin;C:\Program Files\Haskell Platform\8.6.3\lib\extralibs\bin;C:\Program Files\Haskell Platform\8.6.3\bin;C:\Program Files (x86)\NVIDIA Corporation\PhysX\Common;C:\ProgramData\Oracle\Java\javapath;C:\WINDOWS\system32;C:\WINDOWS;C:\WINDOWS\System32\Wbem;C:\WINDOWS\System32\WindowsPowerShell\v1.0\;C:\Program Files (x86)\Microsoft SQL Server\Client SDK\ODBC\130\Tools\Binn\;C:\Program Files (x86)\Microsoft SQL Server\140\Tools\Binn\;C:\Program Files (x86)\Microsoft SQL Server\140\DTS\Binn\;C:\Program Files (x86)\Microsoft SQL Server\140\Tools\Binn\ManagementStudio\;D:\command;C:\Android;C:\Windows\System32;C:\Program Files\dotnet\;C:\Program Files\Microsoft SQL Server\130\Tools\Binn\;C:\WINDOWS\System32\OpenSSH\;C:\Program Files\nodejs\;C:\Program Files\Haskell Platform\8.6.3\mingw\bin;C:\Users\Jordy\AppData\Roaming\cabal\bin;C:\Users\Jordy\AppData\Roaming\local\bin;C:\Users\Jordy\AppData\Local\Microsoft\WindowsApps;C:\Users\Jordy\AppData\Local\GitHubDesktop\bin;C:\Users\Jordy\AppData\Local\Microsoft\WindowsApps;C:\Users\Jordy\AppData\Roaming\npm
USERNAME=Jordy
OS=Windows_NT
PROCESSOR_IDENTIFIER=Intel64 Family 6 Model 94 Stepping 3, GenuineIntel



---------------  S Y S T E M  ---------------

OS: Windows 10.0 , 64 bit Build 17134 (10.0.17134.706)

CPU:total 8 (initial active 8) (4 cores per cpu, 2 threads per core) family 6 model 94 stepping 3, cmov, cx8, fxsr, mmx, sse, sse2, sse3, ssse3, sse4.1, sse4.2, popcnt, avx, avx2, aes, clmul, erms, rtm, 3dnowpref, lzcnt, ht, tsc, tscinvbit, bmi1, bmi2, adx

Memory: 4k page, physical 8204512k(403240k free), swap 12089568k(5976k free)

vm_info: OpenJDK 64-Bit Server VM (25.152-b01) for windows-amd64 JRE (1.8.0_152-release-1248-b01), built by "builder" with MS VC++ 10.0 (VS2010)

time: Fri May 17 07:48:22 2019
elapsed time: 7362 seconds (0d 2h 2m 42s)

