#
# There is insufficient memory for the Java Runtime Environment to continue.
# Native memory allocation (malloc) failed to allocate 856976 bytes for Chunk::new
# Possible reasons:
#   The system is out of physical RAM or swap space
#   In 32 bit mode, the process size limit was hit
# Possible solutions:
#   Reduce memory load on the system
#   Increase physical memory or swap space
#   Check if swap backing store is full
#   Use 64 bit Java on a 64 bit OS
#   Decrease Java heap size (-Xmx/-Xms)
#   Decrease number of Java threads
#   Decrease Java thread stack sizes (-Xss)
#   Set larger code cache with -XX:ReservedCodeCacheSize=
# This output file may be truncated or incomplete.
#
#  Out of Memory Error (allocation.cpp:390), pid=15904, tid=0x00000000000007c0
#
# JRE version: OpenJDK Runtime Environment (8.0_152-b01) (build 1.8.0_152-release-1248-b01)
# Java VM: OpenJDK 64-Bit Server VM (25.152-b01 mixed mode windows-amd64 compressed oops)
# Failed to write core dump. Minidumps are not enabled by default on client versions of Windows
#

---------------  T H R E A D  ---------------

Current thread (0x0000000019110000):  JavaThread "C2 CompilerThread1" daemon [_thread_in_native, id=1984, stack(0x00000000199d0000,0x0000000019ad0000)]

Stack: [0x00000000199d0000,0x0000000019ad0000]
[error occurred during error reporting (printing stack bounds), id 0xc0000005]

Native frames: (J=compiled Java code, j=interpreted, Vv=VM code, C=native code)


Current CompileTask:
C2:1073234 9078       4       org.gradle.api.internal.artifacts.transform.ChainedTransformer::hasCachedResult (70 bytes)


---------------  P R O C E S S  ---------------

Java Threads: ( => current thread )
  0x0000000021ea3000 JavaThread "Memory manager" [_thread_blocked, id=15740, stack(0x0000000028080000,0x0000000028180000)]
  0x000000001c946800 JavaThread "pool-2-thread-1" [_thread_blocked, id=15948, stack(0x0000000027f80000,0x0000000028080000)]
  0x000000001c945800 JavaThread "Build operations Thread 8" [_thread_blocked, id=11368, stack(0x0000000027e80000,0x0000000027f80000)]
  0x000000001c945000 JavaThread "Build operations Thread 7" [_thread_blocked, id=8144, stack(0x0000000027d80000,0x0000000027e80000)]
  0x000000001c944000 JavaThread "Build operations Thread 6" [_thread_blocked, id=14580, stack(0x0000000027c80000,0x0000000027d80000)]
  0x000000001c941000 JavaThread "Build operations Thread 5" [_thread_blocked, id=8084, stack(0x0000000027b80000,0x0000000027c80000)]
  0x000000001c943800 JavaThread "Build operations Thread 4" [_thread_blocked, id=7368, stack(0x0000000027a80000,0x0000000027b80000)]
  0x000000001dfb4000 JavaThread "Build operations Thread 3" [_thread_blocked, id=16088, stack(0x0000000027980000,0x0000000027a80000)]
  0x000000001dfb8000 JavaThread "Build operations Thread 2" [_thread_blocked, id=14756, stack(0x0000000027880000,0x0000000027980000)]
  0x000000001dfb3800 JavaThread "Build operations" [_thread_blocked, id=14672, stack(0x0000000027780000,0x0000000027880000)]
  0x000000001dfb9800 JavaThread "Cache worker for cache directory md-rule (C:\Users\Jordy\.gradle\caches\4.10.1\md-rule)" [_thread_blocked, id=15168, stack(0x0000000027680000,0x0000000027780000)]
  0x000000001dfb5000 JavaThread "Cache worker for cache directory md-supplier (C:\Users\Jordy\.gradle\caches\4.10.1\md-supplier)" [_thread_blocked, id=13348, stack(0x0000000027580000,0x0000000027680000)]
  0x000000001dfb5800 JavaThread "Cache worker for file hash cache (C:\Users\Jordy\Desktop\LearnChinese\LoginApp\.gradle\4.10.1\fileHashes)" [_thread_blocked, id=9268, stack(0x0000000027480000,0x0000000027580000)]
  0x000000001dfab000 JavaThread "Stdin handler" [_thread_blocked, id=16064, stack(0x0000000027380000,0x0000000027480000)]
  0x000000001dfb1000 JavaThread "Asynchronous log dispatcher for DefaultDaemonConnection: socket connection from /127.0.0.1:54942 to /127.0.0.1:55152" [_thread_blocked, id=6500, stack(0x0000000027280000,0x0000000027380000)]
  0x000000001dfb2000 JavaThread "Daemon worker Thread 2" [_thread_in_vm, id=15216, stack(0x0000000027180000,0x0000000027280000)]
  0x000000001dfb0800 JavaThread "Cancel handler" [_thread_blocked, id=15784, stack(0x0000000027080000,0x0000000027180000)]
  0x000000001dfaf000 JavaThread "Handler for socket connection from /127.0.0.1:54942 to /127.0.0.1:55152" [_thread_in_native, id=15848, stack(0x0000000026f80000,0x0000000027080000)]
  0x000000001dfac800 JavaThread "Daemon Thread 2" [_thread_blocked, id=4940, stack(0x0000000026e80000,0x0000000026f80000)]
  0x000000001c942000 JavaThread "Cache worker for Artifact transforms cache (C:\Users\Jordy\.gradle\caches\transforms-1)" [_thread_blocked, id=12592, stack(0x0000000021710000,0x0000000021810000)]
  0x000000001c947000 JavaThread "Cache worker for journal cache (C:\Users\Jordy\.gradle\caches\journal-1)" [_thread_blocked, id=7876, stack(0x000000001ecc0000,0x000000001edc0000)]
  0x000000001b434000 JavaThread "File lock request listener" [_thread_in_native, id=10992, stack(0x000000001daf0000,0x000000001dbf0000)]
  0x000000001b433800 JavaThread "Cache worker for file hash cache (C:\Users\Jordy\.gradle\caches\4.10.1\fileHashes)" [_thread_blocked, id=2880, stack(0x000000001d9f0000,0x000000001daf0000)]
  0x000000001b1b7000 JavaThread "Daemon periodic checks" [_thread_blocked, id=1844, stack(0x000000001be20000,0x000000001bf20000)]
  0x000000001b0f0800 JavaThread "Incoming local TCP Connector on port 54942" [_thread_in_native, id=9944, stack(0x000000001bbe0000,0x000000001bce0000)]
  0x00000000191a5800 JavaThread "Service Thread" daemon [_thread_blocked, id=9076, stack(0x0000000019cd0000,0x0000000019dd0000)]
  0x0000000019118800 JavaThread "C1 CompilerThread3" daemon [_thread_blocked, id=5108, stack(0x0000000019bd0000,0x0000000019cd0000)]
  0x0000000019111800 JavaThread "C2 CompilerThread2" daemon [_thread_in_native, id=12096, stack(0x0000000019ad0000,0x0000000019bd0000)]
=>0x0000000019110000 JavaThread "C2 CompilerThread1" daemon [_thread_in_native, id=1984, stack(0x00000000199d0000,0x0000000019ad0000)]
  0x000000001910a000 JavaThread "C2 CompilerThread0" daemon [_thread_blocked, id=6748, stack(0x00000000198d0000,0x00000000199d0000)]
  0x0000000019107000 JavaThread "Attach Listener" daemon [_thread_blocked, id=5576, stack(0x00000000197d0000,0x00000000198d0000)]
  0x0000000019106000 JavaThread "Signal Dispatcher" daemon [_thread_blocked, id=8224, stack(0x00000000196d0000,0x00000000197d0000)]
  0x0000000003449800 JavaThread "Finalizer" daemon [_thread_blocked, id=1184, stack(0x00000000194e0000,0x00000000195e0000)]
  0x000000001720c000 JavaThread "Reference Handler" daemon [_thread_blocked, id=16220, stack(0x0000000018fe0000,0x00000000190e0000)]
  0x00000000019fe000 JavaThread "main" [_thread_blocked, id=13112, stack(0x0000000003200000,0x0000000003300000)]

Other Threads:
  0x0000000017205800 VMThread [stack: 0x0000000018ee0000,0x0000000018fe0000] [id=13328]
  0x0000000019150000 WatcherThread [stack: 0x0000000019dd0000,0x0000000019ed0000] [id=15824]

VM state:not at safepoint (normal execution)

VM Mutex/Monitor currently owned by a thread: None

Heap:
 PSYoungGen      total 151040K, used 37391K [0x00000000e0000000, 0x00000000ead80000, 0x0000000100000000)
  eden space 134656K, 15% used [0x00000000e0000000,0x00000000e14a1ec8,0x00000000e8380000)
  from space 16384K, 99% used [0x00000000e8700000,0x00000000e96e2098,0x00000000e9700000)
  to   space 21504K, 0% used [0x00000000e9880000,0x00000000e9880000,0x00000000ead80000)
 ParOldGen       total 94208K, used 35355K [0x00000000a0000000, 0x00000000a5c00000, 0x00000000e0000000)
  object space 94208K, 37% used [0x00000000a0000000,0x00000000a2286c38,0x00000000a5c00000)
 Metaspace       used 71870K, capacity 74198K, committed 74368K, reserved 1114112K
  class space    used 9497K, capacity 10102K, committed 10112K, reserved 1048576K

Card table byte_map: [0x0000000012810000,0x0000000012b20000] byte_map_base: 0x0000000012310000

Marking Bits: (ParMarkBitMap*) 0x0000000051125aa0
 Begin Bits: [0x0000000013520000, 0x0000000014d20000)
 End Bits:   [0x0000000014d20000, 0x0000000016520000)

Polling page: 0x00000000014c0000

CodeCache: size=245760Kb used=26610Kb max_used=26610Kb free=219149Kb
 bounds [0x0000000003450000, 0x0000000004e70000, 0x0000000012450000]
 total_blobs=8884 nmethods=8037 adapters=759
 compilation: enabled

Compilation events (10 events):
Event: 1073.116 Thread 0x0000000019118800 nmethod 9208 0x0000000004e46550 code [0x0000000004e466e0, 0x0000000004e46a48]
Event: 1073.116 Thread 0x0000000019118800 9210       3       sun.reflect.AccessorGenerator::emitMethod (275 bytes)
Event: 1073.121 Thread 0x0000000019118800 nmethod 9210 0x0000000004e5ee50 code [0x0000000004e5f4c0, 0x0000000004e626d8]
Event: 1073.121 Thread 0x0000000019118800 9213   !   3       java.io.ObjectOutputStream::writeObject0 (619 bytes)
Event: 1073.126 Thread 0x0000000019118800 nmethod 9213 0x0000000004e66150 code [0x0000000004e66720, 0x0000000004e69ef8]
Event: 1073.126 Thread 0x0000000019118800 9209       3       sun.reflect.ClassFileAssembler::opc_swap (7 bytes)
Event: 1073.126 Thread 0x0000000019118800 nmethod 9209 0x0000000004e401d0 code [0x0000000004e40340, 0x0000000004e40588]
Event: 1073.126 Thread 0x0000000019118800 9211       3       sun.reflect.ClassFileAssembler::getMaxStack (6 bytes)
Event: 1073.126 Thread 0x0000000019118800 nmethod 9211 0x0000000004e46250 code [0x0000000004e463a0, 0x0000000004e464f0]
Event: 1073.126 Thread 0x0000000019118800 9212       3       sun.reflect.ClassFileAssembler::emitShort (38 bytes)

GC Heap History (10 events):
Event: 10.566 GC heap before
{Heap before GC invocations=14 (full 2):
 PSYoungGen      total 115200K, used 115179K [0x00000000e0000000, 0x00000000e9700000, 0x0000000100000000)
  eden space 101376K, 100% used [0x00000000e0000000,0x00000000e6300000,0x00000000e6300000)
  from space 13824K, 99% used [0x00000000e6300000,0x00000000e707adb8,0x00000000e7080000)
  to   space 16384K, 0% used [0x00000000e8700000,0x00000000e8700000,0x00000000e9700000)
 ParOldGen       total 94208K, used 18555K [0x00000000a0000000, 0x00000000a5c00000, 0x00000000e0000000)
  object space 94208K, 19% used [0x00000000a0000000,0x00000000a121ee98,0x00000000a5c00000)
 Metaspace       used 54823K, capacity 56018K, committed 56192K, reserved 1097728K
  class space    used 7442K, capacity 7785K, committed 7808K, reserved 1048576K
Event: 10.591 GC heap after
Heap after GC invocations=14 (full 2):
 PSYoungGen      total 134144K, used 16352K [0x00000000e0000000, 0x00000000ea580000, 0x0000000100000000)
  eden space 117760K, 0% used [0x00000000e0000000,0x00000000e0000000,0x00000000e7300000)
  from space 16384K, 99% used [0x00000000e8700000,0x00000000e96f8088,0x00000000e9700000)
  to   space 20480K, 0% used [0x00000000e7300000,0x00000000e7300000,0x00000000e8700000)
 ParOldGen       total 94208K, used 24912K [0x00000000a0000000, 0x00000000a5c00000, 0x00000000e0000000)
  object space 94208K, 26% used [0x00000000a0000000,0x00000000a1854028,0x00000000a5c00000)
 Metaspace       used 54823K, capacity 56018K, committed 56192K, reserved 1097728K
  class space    used 7442K, capacity 7785K, committed 7808K, reserved 1048576K
}
Event: 13.372 GC heap before
{Heap before GC invocations=15 (full 2):
 PSYoungGen      total 134144K, used 65518K [0x00000000e0000000, 0x00000000ea580000, 0x0000000100000000)
  eden space 117760K, 41% used [0x00000000e0000000,0x00000000e30038c0,0x00000000e7300000)
  from space 16384K, 99% used [0x00000000e8700000,0x00000000e96f8088,0x00000000e9700000)
  to   space 20480K, 0% used [0x00000000e7300000,0x00000000e7300000,0x00000000e8700000)
 ParOldGen       total 94208K, used 24912K [0x00000000a0000000, 0x00000000a5c00000, 0x00000000e0000000)
  object space 94208K, 26% used [0x00000000a0000000,0x00000000a1854028,0x00000000a5c00000)
 Metaspace       used 57437K, capacity 58892K, committed 59008K, reserved 1099776K
  class space    used 7832K, capacity 8263K, committed 8320K, reserved 1048576K
Event: 13.389 GC heap after
Heap after GC invocations=15 (full 2):
 PSYoungGen      total 138240K, used 14252K [0x00000000e0000000, 0x00000000eb900000, 0x0000000100000000)
  eden space 117760K, 0% used [0x00000000e0000000,0x00000000e0000000,0x00000000e7300000)
  from space 20480K, 69% used [0x00000000e7300000,0x00000000e80eb0e8,0x00000000e8700000)
  to   space 21504K, 0% used [0x00000000ea400000,0x00000000ea400000,0x00000000eb900000)
 ParOldGen       total 94208K, used 31522K [0x00000000a0000000, 0x00000000a5c00000, 0x00000000e0000000)
  object space 94208K, 33% used [0x00000000a0000000,0x00000000a1ec89c0,0x00000000a5c00000)
 Metaspace       used 57437K, capacity 58892K, committed 59008K, reserved 1099776K
  class space    used 7832K, capacity 8263K, committed 8320K, reserved 1048576K
}
Event: 13.389 GC heap before
{Heap before GC invocations=16 (full 3):
 PSYoungGen      total 138240K, used 14252K [0x00000000e0000000, 0x00000000eb900000, 0x0000000100000000)
  eden space 117760K, 0% used [0x00000000e0000000,0x00000000e0000000,0x00000000e7300000)
  from space 20480K, 69% used [0x00000000e7300000,0x00000000e80eb0e8,0x00000000e8700000)
  to   space 21504K, 0% used [0x00000000ea400000,0x00000000ea400000,0x00000000eb900000)
 ParOldGen       total 94208K, used 31522K [0x00000000a0000000, 0x00000000a5c00000, 0x00000000e0000000)
  object space 94208K, 33% used [0x00000000a0000000,0x00000000a1ec89c0,0x00000000a5c00000)
 Metaspace       used 57437K, capacity 58892K, committed 59008K, reserved 1099776K
  class space    used 7832K, capacity 8263K, committed 8320K, reserved 1048576K
Event: 13.625 GC heap after
Heap after GC invocations=16 (full 3):
 PSYoungGen      total 138240K, used 0K [0x00000000e0000000, 0x00000000eb900000, 0x0000000100000000)
  eden space 117760K, 0% used [0x00000000e0000000,0x00000000e0000000,0x00000000e7300000)
  from space 20480K, 0% used [0x00000000e7300000,0x00000000e7300000,0x00000000e8700000)
  to   space 21504K, 0% used [0x00000000ea400000,0x00000000ea400000,0x00000000eb900000)
 ParOldGen       total 94208K, used 35339K [0x00000000a0000000, 0x00000000a5c00000, 0x00000000e0000000)
  object space 94208K, 37% used [0x00000000a0000000,0x00000000a2282c38,0x00000000a5c00000)
 Metaspace       used 57437K, capacity 58892K, committed 59008K, reserved 1099776K
  class space    used 7832K, capacity 8263K, committed 8320K, reserved 1048576K
}
Event: 1064.848 GC heap before
{Heap before GC invocations=17 (full 3):
 PSYoungGen      total 138240K, used 117760K [0x00000000e0000000, 0x00000000eb900000, 0x0000000100000000)
  eden space 117760K, 100% used [0x00000000e0000000,0x00000000e7300000,0x00000000e7300000)
  from space 20480K, 0% used [0x00000000e7300000,0x00000000e7300000,0x00000000e8700000)
  to   space 21504K, 0% used [0x00000000ea400000,0x00000000ea400000,0x00000000eb900000)
 ParOldGen       total 94208K, used 35339K [0x00000000a0000000, 0x00000000a5c00000, 0x00000000e0000000)
  object space 94208K, 37% used [0x00000000a0000000,0x00000000a2282c38,0x00000000a5c00000)
 Metaspace       used 64289K, capacity 66264K, committed 66432K, reserved 1105920K
  class space    used 8460K, capacity 8973K, committed 9088K, reserved 1048576K
Event: 1064.863 GC heap after
Heap after GC invocations=17 (full 3):
 PSYoungGen      total 149504K, used 10143K [0x00000000e0000000, 0x00000000eaf00000, 0x0000000100000000)
  eden space 138240K, 0% used [0x00000000e0000000,0x00000000e0000000,0x00000000e8700000)
  from space 11264K, 90% used [0x00000000ea400000,0x00000000eade7cb0,0x00000000eaf00000)
  to   space 20480K, 0% used [0x00000000e8700000,0x00000000e8700000,0x00000000e9b00000)
 ParOldGen       total 94208K, used 35347K [0x00000000a0000000, 0x00000000a5c00000, 0x00000000e0000000)
  object space 94208K, 37% used [0x00000000a0000000,0x00000000a2284c38,0x00000000a5c00000)
 Metaspace       used 64289K, capacity 66264K, committed 66432K, reserved 1105920K
  class space    used 8460K, capacity 8973K, committed 9088K, reserved 1048576K
}
Event: 1072.557 GC heap before
{Heap before GC invocations=18 (full 3):
 PSYoungGen      total 149504K, used 148383K [0x00000000e0000000, 0x00000000eaf00000, 0x0000000100000000)
  eden space 138240K, 100% used [0x00000000e0000000,0x00000000e8700000,0x00000000e8700000)
  from space 11264K, 90% used [0x00000000ea400000,0x00000000eade7cb0,0x00000000eaf00000)
  to   space 20480K, 0% used [0x00000000e8700000,0x00000000e8700000,0x00000000e9b00000)
 ParOldGen       total 94208K, used 35347K [0x00000000a0000000, 0x00000000a5c00000, 0x00000000e0000000)
  object space 94208K, 37% used [0x00000000a0000000,0x00000000a2284c38,0x00000000a5c00000)
 Metaspace       used 71367K, capacity 73676K, committed 74112K, reserved 1114112K
  class space    used 9449K, capacity 9987K, committed 10112K, reserved 1048576K
Event: 1072.587 GC heap after
Heap after GC invocations=18 (full 3):
 PSYoungGen      total 151040K, used 16264K [0x00000000e0000000, 0x00000000ead80000, 0x0000000100000000)
  eden space 134656K, 0% used [0x00000000e0000000,0x00000000e0000000,0x00000000e8380000)
  from space 16384K, 99% used [0x00000000e8700000,0x00000000e96e2098,0x00000000e9700000)
  to   space 21504K, 0% used [0x00000000e9880000,0x00000000e9880000,0x00000000ead80000)
 ParOldGen       total 94208K, used 35355K [0x00000000a0000000, 0x00000000a5c00000, 0x00000000e0000000)
  object space 94208K, 37% used [0x00000000a0000000,0x00000000a2286c38,0x00000000a5c00000)
 Metaspace       used 71367K, capacity 73676K, committed 74112K, reserved 1114112K
  class space    used 9449K, capacity 9987K, committed 10112K, reserved 1048576K
}

Deoptimization events (10 events):
Event: 1073.112 Thread 0x000000001dfb2000 Uncommon trap: reason=class_check action=maybe_recompile pc=0x000000000488d990 method=java.io.ObjectOutputStream.writeNonProxyDesc(Ljava/io/ObjectStreamClass;Z)V @ 44
Event: 1073.112 Thread 0x000000001dfb2000 Uncommon trap: reason=unstable_if action=reinterpret pc=0x00000000040b6e8c method=java.io.ObjectOutputStream.isCustomSubclass()Z @ 12
Event: 1073.112 Thread 0x000000001dfb2000 Uncommon trap: reason=class_check action=maybe_recompile pc=0x000000000419d21c method=java.io.ObjectOutputStream$BlockDataOutputStream.drain()V @ 36
Event: 1073.112 Thread 0x000000001dfb2000 Uncommon trap: reason=class_check action=maybe_recompile pc=0x000000000488d990 method=java.io.ObjectOutputStream.writeNonProxyDesc(Ljava/io/ObjectStreamClass;Z)V @ 44
Event: 1073.112 Thread 0x000000001dfb2000 Uncommon trap: reason=class_check action=maybe_recompile pc=0x000000000419d21c method=java.io.ObjectOutputStream$BlockDataOutputStream.drain()V @ 36
Event: 1073.112 Thread 0x000000001dfb2000 Uncommon trap: reason=class_check action=maybe_recompile pc=0x000000000488d990 method=java.io.ObjectOutputStream.writeNonProxyDesc(Ljava/io/ObjectStreamClass;Z)V @ 44
Event: 1073.112 Thread 0x000000001dfb2000 Uncommon trap: reason=class_check action=maybe_recompile pc=0x000000000488d990 method=java.io.ObjectOutputStream.writeNonProxyDesc(Ljava/io/ObjectStreamClass;Z)V @ 44
Event: 1073.113 Thread 0x000000001dfb2000 Uncommon trap: reason=class_check action=maybe_recompile pc=0x000000000463a080 method=java.io.ObjectOutputStream.writeNonProxyDesc(Ljava/io/ObjectStreamClass;Z)V @ 44
Event: 1073.115 Thread 0x000000001dfb2000 Uncommon trap: reason=unstable_if action=reinterpret pc=0x000000000401535c method=java.lang.reflect.Proxy.isProxyClass(Ljava/lang/Class;)Z @ 6
Event: 1073.120 Thread 0x000000001dfb2000 Uncommon trap: reason=unstable_if action=reinterpret pc=0x000000000445b048 method=java.io.ObjectOutputStream$HandleTable.assign(Ljava/lang/Object;)I @ 24

Classes redefined (0 events):
No events

Internal exceptions (10 events):
Event: 1065.096 Thread 0x000000001dfb2000 Exception <a 'java/lang/NoSuchMethodError': java.lang.Object.lambda$static$0(Ljava/util/Set;Ljava/util/Set;)Z> (0x00000000e16adf00) thrown at [D:\src\AOSP-openjdk-cygwin\jdk8u\hotspot\src\share\vm\interpreter\linkResolver.cpp, line 584]
Event: 1065.096 Thread 0x000000001dfb2000 Exception <a 'java/lang/NoSuchMethodError': java.lang.Object.lambda$static$1(Ljava/util/Set;Ljava/util/Set;)Z> (0x00000000e16b0c88) thrown at [D:\src\AOSP-openjdk-cygwin\jdk8u\hotspot\src\share\vm\interpreter\linkResolver.cpp, line 584]
Event: 1065.097 Thread 0x000000001dfb2000 Exception <a 'java/lang/NoSuchMethodError': java.lang.Object.lambda$static$2(Ljava/util/Set;Ljava/util/Set;)Z> (0x00000000e16b35e0) thrown at [D:\src\AOSP-openjdk-cygwin\jdk8u\hotspot\src\share\vm\interpreter\linkResolver.cpp, line 584]
Event: 1065.097 Thread 0x000000001dfb2000 Exception <a 'java/lang/NoSuchMethodError': java.lang.Object.lambda$static$3(Ljava/util/Set;Ljava/util/Set;)Z> (0x00000000e16b6230) thrown at [D:\src\AOSP-openjdk-cygwin\jdk8u\hotspot\src\share\vm\interpreter\linkResolver.cpp, line 584]
Event: 1065.675 Thread 0x000000001dfb2000 Exception <a 'java/lang/ClassNotFoundException': org/gradle/api/plugins/JavaPluginConventionBeanInfo> (0x00000000e3b8a520) thrown at [D:\src\AOSP-openjdk-cygwin\jdk8u\hotspot\src\share\vm\classfile\systemDictionary.cpp, line 210]
Event: 1065.676 Thread 0x000000001dfb2000 Exception <a 'java/lang/ClassNotFoundException': org/gradle/api/plugins/JavaPluginConventionCustomizer> (0x00000000e3bb0558) thrown at [D:\src\AOSP-openjdk-cygwin\jdk8u\hotspot\src\share\vm\classfile\systemDictionary.cpp, line 210]
Event: 1065.730 Thread 0x000000001dfb2000 Implicit null exception at 0x00000000041a57af to 0x00000000041a5dc5
Event: 1065.805 Thread 0x000000001dfb2000 Implicit null exception at 0x0000000003c7fc28 to 0x0000000003c81ec9
Event: 1066.735 Thread 0x000000001dfb2000 Implicit null exception at 0x0000000004b87198 to 0x0000000004b872cd
Event: 1072.759 Thread 0x000000001dfb2000 Exception <a 'java/lang/NoSuchMethodError': java.lang.Object.lambda$negate$1(Ljava/lang/Object;)Z> (0x00000000e0a5a708) thrown at [D:\src\AOSP-openjdk-cygwin\jdk8u\hotspot\src\share\vm\interpreter\linkResolver.cpp, line 584]

Events (10 events):
Event: 1073.115 Thread 0x000000001dfb2000 Uncommon trap: trap_request=0xffffff65 fr.pc=0x000000000401535c
Event: 1073.115 Thread 0x000000001dfb2000 DEOPT PACKING pc=0x000000000401535c sp=0x000000002727b450
Event: 1073.115 Thread 0x000000001dfb2000 DEOPT UNPACKING pc=0x000000000349557b sp=0x000000002727b3d0 mode 2
Event: 1073.120 Thread 0x000000001dfb2000 Uncommon trap: trap_request=0xffffff65 fr.pc=0x000000000445b048
Event: 1073.120 Thread 0x000000001dfb2000 DEOPT PACKING pc=0x000000000445b048 sp=0x0000000027279cc0
Event: 1073.120 Thread 0x000000001dfb2000 DEOPT UNPACKING pc=0x000000000349557b sp=0x0000000027279cb0 mode 2
Event: 1073.122 loading class org/gradle/tooling/internal/provider/serialization/DefaultPayloadClassLoaderRegistry$ClassLoaderSpecVisitor
Event: 1073.122 loading class org/gradle/tooling/internal/provider/serialization/DefaultPayloadClassLoaderRegistry$ClassLoaderSpecVisitor done
Event: 1073.124 loading class com/google/common/collect/ImmutableSetMultimap
Event: 1073.124 loading class com/google/common/collect/ImmutableSetMultimap done


Dynamic libraries:
0x00007ff6605c0000 - 0x00007ff6605f1000 	C:\Program Files\Android\Android Studio\jre\bin\java.exe
0x00007ffae23e0000 - 0x00007ffae25c1000 	C:\WINDOWS\SYSTEM32\ntdll.dll
0x00007ffadf960000 - 0x00007ffadfa11000 	C:\WINDOWS\System32\KERNEL32.DLL
0x00007ffaded00000 - 0x00007ffadef73000 	C:\WINDOWS\System32\KERNELBASE.dll
0x00007ffadfc00000 - 0x00007ffadfca1000 	C:\WINDOWS\System32\ADVAPI32.dll
0x00007ffae1b70000 - 0x00007ffae1c0e000 	C:\WINDOWS\System32\msvcrt.dll
0x00007ffadfe30000 - 0x00007ffadfe8b000 	C:\WINDOWS\System32\sechost.dll
0x00007ffae1dd0000 - 0x00007ffae1ef4000 	C:\WINDOWS\System32\RPCRT4.dll
0x00007ffae14b0000 - 0x00007ffae1640000 	C:\WINDOWS\System32\USER32.dll
0x00007ffade9f0000 - 0x00007ffadea10000 	C:\WINDOWS\System32\win32u.dll
0x00007ffadfbd0000 - 0x00007ffadfbf8000 	C:\WINDOWS\System32\GDI32.dll
0x00007ffade850000 - 0x00007ffade9e2000 	C:\WINDOWS\System32\gdi32full.dll
0x00007ffade7b0000 - 0x00007ffade84f000 	C:\WINDOWS\System32\msvcp_win.dll
0x00007ffadea10000 - 0x00007ffadeb08000 	C:\WINDOWS\System32\ucrtbase.dll
0x00007ffacfa00000 - 0x00007ffacfc69000 	C:\WINDOWS\WinSxS\amd64_microsoft.windows.common-controls_6595b64144ccf1df_6.0.17134.706_none_fb43a2cb30647007\COMCTL32.dll
0x00007ffae16c0000 - 0x00007ffae19e2000 	C:\WINDOWS\System32\combase.dll
0x00007ffadf7f0000 - 0x00007ffadf86a000 	C:\WINDOWS\System32\bcryptPrimitives.dll
0x00007ffae1c70000 - 0x00007ffae1c9d000 	C:\WINDOWS\System32\IMM32.DLL
0x0000000077f20000 - 0x0000000077ff2000 	C:\Program Files\Android\Android Studio\jre\jre\bin\msvcr100.dll
0x0000000050960000 - 0x00000000511a1000 	C:\Program Files\Android\Android Studio\jre\jre\bin\server\jvm.dll
0x00007ffadfbc0000 - 0x00007ffadfbc8000 	C:\WINDOWS\System32\PSAPI.DLL
0x00007ffadd300000 - 0x00007ffadd309000 	C:\WINDOWS\SYSTEM32\WSOCK32.dll
0x00007ffadb1d0000 - 0x00007ffadb1f3000 	C:\WINDOWS\SYSTEM32\WINMM.dll
0x00007ffad9000000 - 0x00007ffad900a000 	C:\WINDOWS\SYSTEM32\VERSION.dll
0x00007ffae1d40000 - 0x00007ffae1dac000 	C:\WINDOWS\System32\WS2_32.dll
0x00007ffadb1a0000 - 0x00007ffadb1ca000 	C:\WINDOWS\SYSTEM32\WINMMBASE.dll
0x00007ffadf6f0000 - 0x00007ffadf739000 	C:\WINDOWS\System32\cfgmgr32.dll
0x00007ffac83d0000 - 0x00007ffac83df000 	C:\Program Files\Android\Android Studio\jre\jre\bin\verify.dll
0x00007ffaba800000 - 0x00007ffaba829000 	C:\Program Files\Android\Android Studio\jre\jre\bin\java.dll
0x00007ffab7cc0000 - 0x00007ffab7cd6000 	C:\Program Files\Android\Android Studio\jre\jre\bin\zip.dll
0x00007ffadff40000 - 0x00007ffae1380000 	C:\WINDOWS\System32\SHELL32.dll
0x00007ffadfe90000 - 0x00007ffadff39000 	C:\WINDOWS\System32\shcore.dll
0x00007ffadefe0000 - 0x00007ffadf6ed000 	C:\WINDOWS\System32\windows.storage.dll
0x00007ffae2350000 - 0x00007ffae23a1000 	C:\WINDOWS\System32\shlwapi.dll
0x00007ffade710000 - 0x00007ffade721000 	C:\WINDOWS\System32\kernel.appcore.dll
0x00007ffade6f0000 - 0x00007ffade70f000 	C:\WINDOWS\System32\profapi.dll
0x00007ffade740000 - 0x00007ffade78c000 	C:\WINDOWS\System32\powrprof.dll
0x00007ffade730000 - 0x00007ffade73a000 	C:\WINDOWS\System32\FLTLIB.DLL
0x00007ffacd150000 - 0x00007ffacd16a000 	C:\Program Files\Android\Android Studio\jre\jre\bin\net.dll
0x00007ffaddf70000 - 0x00007ffaddfd6000 	C:\WINDOWS\system32\mswsock.dll
0x00007ffab61d0000 - 0x00007ffab61e1000 	C:\Program Files\Android\Android Studio\jre\jre\bin\nio.dll
0x00007ffaa64b0000 - 0x00007ffaa64ce000 	C:\Users\Jordy\.gradle\native\25\windows-amd64\native-platform.dll
0x00007ffacd140000 - 0x00007ffacd14d000 	C:\Program Files\Android\Android Studio\jre\jre\bin\management.dll
0x00007ffade120000 - 0x00007ffade137000 	C:\WINDOWS\SYSTEM32\CRYPTSP.dll
0x00007ffaddb50000 - 0x00007ffaddb83000 	C:\WINDOWS\system32\rsaenh.dll
0x00007ffade250000 - 0x00007ffade275000 	C:\WINDOWS\SYSTEM32\bcrypt.dll
0x00007ffade5f0000 - 0x00007ffade618000 	C:\WINDOWS\SYSTEM32\USERENV.dll
0x00007ffade140000 - 0x00007ffade14b000 	C:\WINDOWS\SYSTEM32\CRYPTBASE.dll
0x00007ffaddcf0000 - 0x00007ffaddd28000 	C:\WINDOWS\SYSTEM32\IPHLPAPI.DLL
0x00007ffae1dc0000 - 0x00007ffae1dc8000 	C:\WINDOWS\System32\NSI.dll
0x00007ffad1e20000 - 0x00007ffad1e36000 	C:\WINDOWS\SYSTEM32\dhcpcsvc6.DLL
0x00007ffad23d0000 - 0x00007ffad23ea000 	C:\WINDOWS\SYSTEM32\dhcpcsvc.DLL
0x00007ffaa51e0000 - 0x00007ffaa5204000 	C:\Program Files\Android\Android Studio\jre\jre\bin\sunec.dll
0x00007ffaddd30000 - 0x00007ffadddee000 	C:\WINDOWS\SYSTEM32\DNSAPI.dll
0x0000000051e50000 - 0x0000000051e76000 	C:\Program Files\Bonjour\mdnsNSP.dll
0x00007ffaccaf0000 - 0x00007ffaccafa000 	C:\Windows\System32\rasadhlp.dll
0x00007ffaccfd0000 - 0x00007ffacd042000 	C:\WINDOWS\System32\fwpuclnt.dll
0x00007ffaba7f0000 - 0x00007ffaba7fb000 	C:\Program Files\Android\Android Studio\jre\jre\bin\sunmscapi.dll
0x00007ffadeb10000 - 0x00007ffadecf2000 	C:\WINDOWS\System32\CRYPT32.dll
0x00007ffade790000 - 0x00007ffade7a2000 	C:\WINDOWS\System32\MSASN1.dll

VM Arguments:
jvm_args: -Xmx1536m -Dfile.encoding=windows-1252 -Duser.country=US -Duser.language=en -Duser.variant 
java_command: org.gradle.launcher.daemon.bootstrap.GradleDaemon 4.10.1
java_class_path (initial): C:\Users\Jordy\.gradle\wrapper\dists\gradle-4.10.1-all\455itskqi2qtf0v2sja68alqd\gradle-4.10.1\lib\gradle-launcher-4.10.1.jar
Launcher Type: SUN_STANDARD

Environment Variables:
PATH=C:\Program Files\Haskell\bin;C:\Program Files\Haskell Platform\8.6.3\lib\extralibs\bin;C:\Program Files\Haskell Platform\8.6.3\bin;C:\Program Files (x86)\NVIDIA Corporation\PhysX\Common;C:\ProgramData\Oracle\Java\javapath;C:\WINDOWS\system32;C:\WINDOWS;C:\WINDOWS\System32\Wbem;C:\WINDOWS\System32\WindowsPowerShell\v1.0\;C:\Program Files (x86)\Microsoft SQL Server\Client SDK\ODBC\130\Tools\Binn\;C:\Program Files (x86)\Microsoft SQL Server\140\Tools\Binn\;C:\Program Files (x86)\Microsoft SQL Server\140\DTS\Binn\;C:\Program Files (x86)\Microsoft SQL Server\140\Tools\Binn\ManagementStudio\;D:\command;C:\Android;C:\Windows\System32;C:\Program Files\dotnet\;C:\Program Files\Microsoft SQL Server\130\Tools\Binn\;C:\WINDOWS\System32\OpenSSH\;C:\Program Files\nodejs\;C:\Program Files\Haskell Platform\8.6.3\mingw\bin;C:\Users\Jordy\AppData\Roaming\cabal\bin;C:\Users\Jordy\AppData\Roaming\local\bin;C:\Users\Jordy\AppData\Local\Microsoft\WindowsApps;C:\Users\Jordy\AppData\Local\GitHubDesktop\bin;C:\Users\Jordy\AppData\Local\Microsoft\WindowsApps;C:\Users\Jordy\AppData\Roaming\npm
USERNAME=Jordy
OS=Windows_NT
PROCESSOR_IDENTIFIER=Intel64 Family 6 Model 94 Stepping 3, GenuineIntel



---------------  S Y S T E M  ---------------

OS: Windows 10.0 , 64 bit Build 17134 (10.0.17134.706)

CPU:total 8 (initial active 8) (4 cores per cpu, 2 threads per core) family 6 model 94 stepping 3, cmov, cx8, fxsr, mmx, sse, sse2, sse3, ssse3, sse4.1, sse4.2, popcnt, avx, avx2, aes, clmul, erms, rtm, 3dnowpref, lzcnt, ht, tsc, tscinvbit, bmi1, bmi2, adx

Memory: 4k page, physical 8204512k(746304k free), swap 12089568k(5916k free)

vm_info: OpenJDK 64-Bit Server VM (25.152-b01) for windows-amd64 JRE (1.8.0_152-release-1248-b01), built by "builder" with MS VC++ 10.0 (VS2010)

time: Fri May 17 17:46:07 2019
elapsed time: 1073 seconds (0d 0h 17m 53s)

